{"numFailedTestSuites":0,"numFailedTests":0,"numPassedTestSuites":7,"numPassedTests":145,"numPendingTestSuites":0,"numPendingTests":0,"numRuntimeErrorTestSuites":0,"numTodoTests":0,"numTotalTestSuites":7,"numTotalTests":145,"openHandles":[],"snapshot":{"added":0,"didUpdate":false,"failure":false,"filesAdded":0,"filesRemoved":0,"filesRemovedList":[],"filesUnmatched":0,"filesUpdated":0,"matched":0,"total":0,"unchecked":0,"uncheckedKeysByFile":[],"unmatched":0,"updated":0},"startTime":1778096874302,"success":true,"testResults":[{"assertionResults":[{"ancestorTitles":["Right to Access (PDPA Art.30) — Personal Data Access"],"duration":12,"failureDetails":[],"failureMessages":[],"fullName":"Right to Access (PDPA Art.30) — Personal Data Access GET /api/users/me → 200, returns own personal data (email, username, role)","invocations":1,"location":null,"numPassingAsserts":4,"retryReasons":[],"status":"passed","title":"GET /api/users/me → 200, returns own personal data (email, username, role)"},{"ancestorTitles":["Right to Access (PDPA Art.30) — Personal Data Access"],"duration":10,"failureDetails":[],"failureMessages":[],"fullName":"Right to Access (PDPA Art.30) — Personal Data Access GET /api/users/profile → 200, returns own profile data","invocations":1,"location":null,"numPassingAsserts":2,"retryReasons":[],"status":"passed","title":"GET /api/users/profile → 200, returns own profile data"},{"ancestorTitles":["Right to Access (PDPA Art.30) — Personal Data Access"],"duration":3,"failureDetails":[],"failureMessages":[],"fullName":"Right to Access (PDPA Art.30) — Personal Data Access GET /api/users/me without auth → 401 (data access requires identity verification)","invocations":1,"location":null,"numPassingAsserts":1,"retryReasons":[],"status":"passed","title":"GET /api/users/me without auth → 401 (data access requires identity verification)"},{"ancestorTitles":["Right to Access (PDPA Art.30) — Personal Data Access"],"duration":2,"failureDetails":[],"failureMessages":[],"fullName":"Right to Access (PDPA Art.30) — Personal Data Access GET /api/users/profile without auth → 401","invocations":1,"location":null,"numPassingAsserts":1,"retryReasons":[],"status":"passed","title":"GET /api/users/profile without auth → 401"},{"ancestorTitles":["Data Portability (PDPA Art.27) — Export Personal Data"],"duration":10,"failureDetails":[],"failureMessages":[],"fullName":"Data Portability (PDPA Art.27) — Export Personal Data GET /api/users/export → 200 or 202, returns personal data package","invocations":1,"location":null,"numPassingAsserts":3,"retryReasons":[],"status":"passed","title":"GET /api/users/export → 200 or 202, returns personal data package"},{"ancestorTitles":["Data Portability (PDPA Art.27) — Export Personal Data"],"duration":3,"failureDetails":[],"failureMessages":[],"fullName":"Data Portability (PDPA Art.27) — Export Personal Data GET /api/users/export without auth → 401","invocations":1,"location":null,"numPassingAsserts":1,"retryReasons":[],"status":"passed","title":"GET /api/users/export without auth → 401"},{"ancestorTitles":["Data Portability (PDPA Art.27) — Export Personal Data"],"duration":4,"failureDetails":[],"failureMessages":[],"fullName":"Data Portability (PDPA Art.27) — Export Personal Data GET /api/users/export with invalid token → 401","invocations":1,"location":null,"numPassingAsserts":1,"retryReasons":[],"status":"passed","title":"GET /api/users/export with invalid token → 401"},{"ancestorTitles":["Right to Erasure (PDPA Art.33) — Delete Personal Data"],"duration":213,"failureDetails":[],"failureMessages":[],"fullName":"Right to Erasure (PDPA Art.33) — Delete Personal Data DELETE /api/auth/delete-account with correct password → 200, account removed","invocations":1,"location":null,"numPassingAsserts":2,"retryReasons":[],"status":"passed","title":"DELETE /api/auth/delete-account with correct password → 200, account removed"},{"ancestorTitles":["Right to Erasure (PDPA Art.33) — Delete Personal Data"],"duration":453,"failureDetails":[],"failureMessages":[],"fullName":"Right to Erasure (PDPA Art.33) — Delete Personal Data deleted account cannot be accessed — login returns 401","invocations":1,"location":null,"numPassingAsserts":1,"retryReasons":[],"status":"passed","title":"deleted account cannot be accessed — login returns 401"},{"ancestorTitles":["Right to Erasure (PDPA Art.33) — Delete Personal Data"],"duration":226,"failureDetails":[],"failureMessages":[],"fullName":"Right to Erasure (PDPA Art.33) — Delete Personal Data deleted account token is invalidated — profile returns 401","invocations":1,"location":null,"numPassingAsserts":1,"retryReasons":[],"status":"passed","title":"deleted account token is invalidated — profile returns 401"},{"ancestorTitles":["Right to Erasure (PDPA Art.33) — Delete Personal Data"],"duration":6,"failureDetails":[],"failureMessages":[],"fullName":"Right to Erasure (PDPA Art.33) — Delete Personal Data DELETE /api/users/account without auth → 401 (erasure requires identity verification)","invocations":1,"location":null,"numPassingAsserts":1,"retryReasons":[],"status":"passed","title":"DELETE /api/users/account without auth → 401 (erasure requires identity verification)"},{"ancestorTitles":["Right to Erasure (PDPA Art.33) — Delete Personal Data"],"duration":4,"failureDetails":[],"failureMessages":[],"fullName":"Right to Erasure (PDPA Art.33) — Delete Personal Data DELETE /api/auth/delete-account without auth → 401","invocations":1,"location":null,"numPassingAsserts":1,"retryReasons":[],"status":"passed","title":"DELETE /api/auth/delete-account without auth → 401"},{"ancestorTitles":["Consent Management (PDPA Art.19) — Cookie & Data Consent"],"duration":9,"failureDetails":[],"failureMessages":[],"fullName":"Consent Management (PDPA Art.19) — Cookie & Data Consent POST /api/auth/update-cookie-consent { true } → 200 (consent granted)","invocations":1,"location":null,"numPassingAsserts":2,"retryReasons":[],"status":"passed","title":"POST /api/auth/update-cookie-consent { true } → 200 (consent granted)"},{"ancestorTitles":["Consent Management (PDPA Art.19) — Cookie & Data Consent"],"duration":8,"failureDetails":[],"failureMessages":[],"fullName":"Consent Management (PDPA Art.19) — Cookie & Data Consent POST /api/auth/update-cookie-consent { false } → 200 (consent withdrawn)","invocations":1,"location":null,"numPassingAsserts":2,"retryReasons":[],"status":"passed","title":"POST /api/auth/update-cookie-consent { false } → 200 (consent withdrawn)"},{"ancestorTitles":["Consent Management (PDPA Art.19) — Cookie & Data Consent"],"duration":7,"failureDetails":[],"failureMessages":[],"fullName":"Consent Management (PDPA Art.19) — Cookie & Data Consent non-boolean consent value → 400 (consent must be explicit true/false)","invocations":1,"location":null,"numPassingAsserts":1,"retryReasons":[],"status":"passed","title":"non-boolean consent value → 400 (consent must be explicit true/false)"},{"ancestorTitles":["Consent Management (PDPA Art.19) — Cookie & Data Consent"],"duration":2,"failureDetails":[],"failureMessages":[],"fullName":"Consent Management (PDPA Art.19) — Cookie & Data Consent consent update without auth → 401","invocations":1,"location":null,"numPassingAsserts":1,"retryReasons":[],"status":"passed","title":"consent update without auth → 401"},{"ancestorTitles":["Consent Management (PDPA Art.19) — Cookie & Data Consent"],"duration":3,"failureDetails":[],"failureMessages":[],"fullName":"Consent Management (PDPA Art.19) — Cookie & Data Consent register without consentEssential → 400 (consent required at registration)","invocations":1,"location":null,"numPassingAsserts":1,"retryReasons":[],"status":"passed","title":"register without consentEssential → 400 (consent required at registration)"},{"ancestorTitles":["Right to Rectification (PDPA Art.28) — Correct Inaccurate Personal Data"],"duration":24,"failureDetails":[],"failureMessages":[],"fullName":"Right to Rectification (PDPA Art.28) — Correct Inaccurate Personal Data PUT /api/users/profile with new username → 200, data updated","invocations":1,"location":null,"numPassingAsserts":2,"retryReasons":[],"status":"passed","title":"PUT /api/users/profile with new username → 200, data updated"},{"ancestorTitles":["Right to Rectification (PDPA Art.28) — Correct Inaccurate Personal Data"],"duration":9,"failureDetails":[],"failureMessages":[],"fullName":"Right to Rectification (PDPA Art.28) — Correct Inaccurate Personal Data GET /api/users/me reflects the updated username after rectification","invocations":1,"location":null,"numPassingAsserts":2,"retryReasons":[],"status":"passed","title":"GET /api/users/me reflects the updated username after rectification"},{"ancestorTitles":["Right to Rectification (PDPA Art.28) — Correct Inaccurate Personal Data"],"duration":9,"failureDetails":[],"failureMessages":[],"fullName":"Right to Rectification (PDPA Art.28) — Correct Inaccurate Personal Data PUT /api/users/profile with empty username → 400 (invalid data rejected)","invocations":1,"location":null,"numPassingAsserts":1,"retryReasons":[],"status":"passed","title":"PUT /api/users/profile with empty username → 400 (invalid data rejected)"},{"ancestorTitles":["Right to Rectification (PDPA Art.28) — Correct Inaccurate Personal Data"],"duration":2,"failureDetails":[],"failureMessages":[],"fullName":"Right to Rectification (PDPA Art.28) — Correct Inaccurate Personal Data PUT /api/users/profile without auth → 401 (rectification requires identity verification)","invocations":1,"location":null,"numPassingAsserts":1,"retryReasons":[],"status":"passed","title":"PUT /api/users/profile without auth → 401 (rectification requires identity verification)"},{"ancestorTitles":["Security Measures (PDPA Art.37) — Data Controller Protection Obligations"],"duration":72,"failureDetails":[],"failureMessages":[],"fullName":"Security Measures (PDPA Art.37) — Data Controller Protection Obligations login response does not expose password or password hash","invocations":1,"location":null,"numPassingAsserts":4,"retryReasons":[],"status":"passed","title":"login response does not expose password or password hash"},{"ancestorTitles":["Security Measures (PDPA Art.37) — Data Controller Protection Obligations"],"duration":9,"failureDetails":[],"failureMessages":[],"fullName":"Security Measures (PDPA Art.37) — Data Controller Protection Obligations profile response does not expose password or password hash","invocations":1,"location":null,"numPassingAsserts":3,"retryReasons":[],"status":"passed","title":"profile response does not expose password or password hash"},{"ancestorTitles":["Security Measures (PDPA Art.37) — Data Controller Protection Obligations"],"duration":71,"failureDetails":[],"failureMessages":[],"fullName":"Security Measures (PDPA Art.37) — Data Controller Protection Obligations register response does not expose password in returned data","invocations":1,"location":null,"numPassingAsserts":3,"retryReasons":[],"status":"passed","title":"register response does not expose password in returned data"},{"ancestorTitles":["Security Measures (PDPA Art.37) — Data Controller Protection Obligations"],"duration":1440,"failureDetails":[],"failureMessages":[],"fullName":"Security Measures (PDPA Art.37) — Data Controller Protection Obligations repeated wrong login attempts trigger rate limit → 429 or 423 (brute-force protection)","invocations":1,"location":null,"numPassingAsserts":1,"retryReasons":[],"status":"passed","title":"repeated wrong login attempts trigger rate limit → 429 or 423 (brute-force protection)"},{"ancestorTitles":["Security Measures (PDPA Art.37) — Data Controller Protection Obligations"],"duration":3,"failureDetails":[],"failureMessages":[],"fullName":"Security Measures (PDPA Art.37) — Data Controller Protection Obligations security headers present — X-Content-Type-Options: nosniff","invocations":1,"location":null,"numPassingAsserts":1,"retryReasons":[],"status":"passed","title":"security headers present — X-Content-Type-Options: nosniff"},{"ancestorTitles":["Audit Trail (PDPA Art.40) — Data Processing Transparency"],"duration":15,"failureDetails":[],"failureMessages":[],"fullName":"Audit Trail (PDPA Art.40) — Data Processing Transparency GET /api/auth/audit-logs → 200, returns array of own activity logs","invocations":1,"location":null,"numPassingAsserts":3,"retryReasons":[],"status":"passed","title":"GET /api/auth/audit-logs → 200, returns array of own activity logs"},{"ancestorTitles":["Audit Trail (PDPA Art.40) — Data Processing Transparency"],"duration":8,"failureDetails":[],"failureMessages":[],"fullName":"Audit Trail (PDPA Art.40) — Data Processing Transparency GET /api/auth/security-audit → 200, returns security event log","invocations":1,"location":null,"numPassingAsserts":1,"retryReasons":[],"status":"passed","title":"GET /api/auth/security-audit → 200, returns security event log"},{"ancestorTitles":["Audit Trail (PDPA Art.40) — Data Processing Transparency"],"duration":2,"failureDetails":[],"failureMessages":[],"fullName":"Audit Trail (PDPA Art.40) — Data Processing Transparency GET /api/auth/audit-logs without auth → 401 (audit data is personal data)","invocations":1,"location":null,"numPassingAsserts":1,"retryReasons":[],"status":"passed","title":"GET /api/auth/audit-logs without auth → 401 (audit data is personal data)"}],"endTime":1778096878779,"message":"","name":"C:\\Users\\ASUS\\Documents\\TEST\\TESTMONO\\Final-Final\\tests\\jest\\7-pdpa.test.js","startTime":1778096874360,"status":"passed","summary":""},{"assertionResults":[{"ancestorTitles":["Change Password"],"duration":182,"failureDetails":[],"failureMessages":[],"fullName":"Change Password correct currentPassword → 200","invocations":1,"location":null,"numPassingAsserts":2,"retryReasons":[],"status":"passed","title":"correct currentPassword → 200"},{"ancestorTitles":["Change Password"],"duration":71,"failureDetails":[],"failureMessages":[],"fullName":"Change Password can login with new password after change","invocations":1,"location":null,"numPassingAsserts":1,"retryReasons":[],"status":"passed","title":"can login with new password after change"},{"ancestorTitles":["Change Password"],"duration":67,"failureDetails":[],"failureMessages":[],"fullName":"Change Password wrong currentPassword → 401","invocations":1,"location":null,"numPassingAsserts":1,"retryReasons":[],"status":"passed","title":"wrong currentPassword → 401"},{"ancestorTitles":["Change Password"],"duration":122,"failureDetails":[],"failureMessages":[],"fullName":"Change Password new password same as current → 400","invocations":1,"location":null,"numPassingAsserts":1,"retryReasons":[],"status":"passed","title":"new password same as current → 400"},{"ancestorTitles":["Change Password"],"duration":9,"failureDetails":[],"failureMessages":[],"fullName":"Change Password new password too weak (no number) → 400","invocations":1,"location":null,"numPassingAsserts":1,"retryReasons":[],"status":"passed","title":"new password too weak (no number) → 400"},{"ancestorTitles":["Change Password"],"duration":2,"failureDetails":[],"failureMessages":[],"fullName":"Change Password without auth token → 401","invocations":1,"location":null,"numPassingAsserts":1,"retryReasons":[],"status":"passed","title":"without auth token → 401"},{"ancestorTitles":["Forgot Password"],"duration":2204,"failureDetails":[],"failureMessages":[],"fullName":"Forgot Password registered email → 200 generic message","invocations":1,"location":null,"numPassingAsserts":3,"retryReasons":[],"status":"passed","title":"registered email → 200 generic message"},{"ancestorTitles":["Forgot Password"],"duration":5,"failureDetails":[],"failureMessages":[],"fullName":"Forgot Password non-existent email → 200 same generic message (no enumeration)","invocations":1,"location":null,"numPassingAsserts":2,"retryReasons":[],"status":"passed","title":"non-existent email → 200 same generic message (no enumeration)"},{"ancestorTitles":["Forgot Password"],"duration":3,"failureDetails":[],"failureMessages":[],"fullName":"Forgot Password missing email → 400","invocations":1,"location":null,"numPassingAsserts":1,"retryReasons":[],"status":"passed","title":"missing email → 400"},{"ancestorTitles":["Reset Password"],"duration":6,"failureDetails":[],"failureMessages":[],"fullName":"Reset Password invalid reset token → 400","invocations":1,"location":null,"numPassingAsserts":1,"retryReasons":[],"status":"passed","title":"invalid reset token → 400"},{"ancestorTitles":["Reset Password"],"duration":4,"failureDetails":[],"failureMessages":[],"fullName":"Reset Password expired reset token (all-zeros fake hash) → 400","invocations":1,"location":null,"numPassingAsserts":1,"retryReasons":[],"status":"passed","title":"expired reset token (all-zeros fake hash) → 400"},{"ancestorTitles":["Reset Password"],"duration":2,"failureDetails":[],"failureMessages":[],"fullName":"Reset Password missing password body → 400","invocations":1,"location":null,"numPassingAsserts":1,"retryReasons":[],"status":"passed","title":"missing password body → 400"},{"ancestorTitles":["Reset Password"],"duration":2,"failureDetails":[],"failureMessages":[],"fullName":"Reset Password weak password in reset → 400","invocations":1,"location":null,"numPassingAsserts":1,"retryReasons":[],"status":"passed","title":"weak password in reset → 400"}],"endTime":1778096882011,"message":"","name":"C:\\Users\\ASUS\\Documents\\TEST\\TESTMONO\\Final-Final\\tests\\jest\\2-auth-password.test.js","startTime":1778096878784,"status":"passed","summary":""},{"assertionResults":[{"ancestorTitles":["Get Profile"],"duration":8,"failureDetails":[],"failureMessages":[],"fullName":"Get Profile GET /api/auth/profile → 200, contains id/username/email/role","invocations":1,"location":null,"numPassingAsserts":6,"retryReasons":[],"status":"passed","title":"GET /api/auth/profile → 200, contains id/username/email/role"},{"ancestorTitles":["Get Profile"],"duration":2,"failureDetails":[],"failureMessages":[],"fullName":"Get Profile GET /api/auth/profile without auth → 401","invocations":1,"location":null,"numPassingAsserts":1,"retryReasons":[],"status":"passed","title":"GET /api/auth/profile without auth → 401"},{"ancestorTitles":["Get Profile"],"duration":7,"failureDetails":[],"failureMessages":[],"fullName":"Get Profile GET /api/users/me → 200, same user data","invocations":1,"location":null,"numPassingAsserts":2,"retryReasons":[],"status":"passed","title":"GET /api/users/me → 200, same user data"},{"ancestorTitles":["Preferences"],"duration":22,"failureDetails":[],"failureMessages":[],"fullName":"Preferences GET /api/auth/preferences → 200, has theme/language/notifications","invocations":1,"location":null,"numPassingAsserts":3,"retryReasons":[],"status":"passed","title":"GET /api/auth/preferences → 200, has theme/language/notifications"},{"ancestorTitles":["Preferences"],"duration":12,"failureDetails":[],"failureMessages":[],"fullName":"Preferences PUT /api/auth/preferences { theme: \"light\" } → 200, theme updated","invocations":1,"location":null,"numPassingAsserts":2,"retryReasons":[],"status":"passed","title":"PUT /api/auth/preferences { theme: \"light\" } → 200, theme updated"},{"ancestorTitles":["Preferences"],"duration":12,"failureDetails":[],"failureMessages":[],"fullName":"Preferences PUT /api/auth/preferences { language: \"th\" } → 200","invocations":1,"location":null,"numPassingAsserts":1,"retryReasons":[],"status":"passed","title":"PUT /api/auth/preferences { language: \"th\" } → 200"},{"ancestorTitles":["Preferences"],"duration":4,"failureDetails":[],"failureMessages":[],"fullName":"Preferences GET /api/auth/preferences without auth → 401","invocations":1,"location":null,"numPassingAsserts":1,"retryReasons":[],"status":"passed","title":"GET /api/auth/preferences without auth → 401"},{"ancestorTitles":["Cookie Consent"],"duration":13,"failureDetails":[],"failureMessages":[],"fullName":"Cookie Consent POST /api/auth/update-cookie-consent { cookieConsentAccepted: true } → 200","invocations":1,"location":null,"numPassingAsserts":2,"retryReasons":[],"status":"passed","title":"POST /api/auth/update-cookie-consent { cookieConsentAccepted: true } → 200"},{"ancestorTitles":["Cookie Consent"],"duration":15,"failureDetails":[],"failureMessages":[],"fullName":"Cookie Consent POST /api/auth/update-cookie-consent { cookieConsentAccepted: false } → 200","invocations":1,"location":null,"numPassingAsserts":1,"retryReasons":[],"status":"passed","title":"POST /api/auth/update-cookie-consent { cookieConsentAccepted: false } → 200"},{"ancestorTitles":["Cookie Consent"],"duration":11,"failureDetails":[],"failureMessages":[],"fullName":"Cookie Consent non-boolean value → 400","invocations":1,"location":null,"numPassingAsserts":1,"retryReasons":[],"status":"passed","title":"non-boolean value → 400"},{"ancestorTitles":["Cookie Consent"],"duration":3,"failureDetails":[],"failureMessages":[],"fullName":"Cookie Consent without auth → 401","invocations":1,"location":null,"numPassingAsserts":1,"retryReasons":[],"status":"passed","title":"without auth → 401"},{"ancestorTitles":["Audit Logs"],"duration":12,"failureDetails":[],"failureMessages":[],"fullName":"Audit Logs GET /api/auth/audit-logs → 200, array","invocations":1,"location":null,"numPassingAsserts":3,"retryReasons":[],"status":"passed","title":"GET /api/auth/audit-logs → 200, array"},{"ancestorTitles":["Audit Logs"],"duration":8,"failureDetails":[],"failureMessages":[],"fullName":"Audit Logs GET /api/auth/security-audit → 200","invocations":1,"location":null,"numPassingAsserts":1,"retryReasons":[],"status":"passed","title":"GET /api/auth/security-audit → 200"},{"ancestorTitles":["Audit Logs"],"duration":2,"failureDetails":[],"failureMessages":[],"fullName":"Audit Logs GET /api/auth/audit-logs without auth → 401","invocations":1,"location":null,"numPassingAsserts":1,"retryReasons":[],"status":"passed","title":"GET /api/auth/audit-logs without auth → 401"},{"ancestorTitles":["Delete Account"],"duration":215,"failureDetails":[],"failureMessages":[],"fullName":"Delete Account correct password → 200, account deleted","invocations":1,"location":null,"numPassingAsserts":2,"retryReasons":[],"status":"passed","title":"correct password → 200, account deleted"},{"ancestorTitles":["Delete Account"],"duration":455,"failureDetails":[],"failureMessages":[],"fullName":"Delete Account login with deleted account → 401","invocations":1,"location":null,"numPassingAsserts":1,"retryReasons":[],"status":"passed","title":"login with deleted account → 401"},{"ancestorTitles":["Delete Account"],"duration":292,"failureDetails":[],"failureMessages":[],"fullName":"Delete Account wrong password → 401","invocations":1,"location":null,"numPassingAsserts":1,"retryReasons":[],"status":"passed","title":"wrong password → 401"},{"ancestorTitles":["Delete Account"],"duration":2,"failureDetails":[],"failureMessages":[],"fullName":"Delete Account without auth → 401","invocations":1,"location":null,"numPassingAsserts":1,"retryReasons":[],"status":"passed","title":"without auth → 401"}],"endTime":1778096884077,"message":"","name":"C:\\Users\\ASUS\\Documents\\TEST\\TESTMONO\\Final-Final\\tests\\jest\\4-auth-profile.test.js","startTime":1778096882014,"status":"passed","summary":""},{"assertionResults":[{"ancestorTitles":["Client Registration"],"duration":70,"failureDetails":[],"failureMessages":[],"fullName":"Client Registration valid data → 201, returns client_id + client_secret","invocations":1,"location":null,"numPassingAsserts":4,"retryReasons":[],"status":"passed","title":"valid data → 201, returns client_id + client_secret"},{"ancestorTitles":["Client Registration"],"duration":6,"failureDetails":[],"failureMessages":[],"fullName":"Client Registration missing client_name → 400","invocations":1,"location":null,"numPassingAsserts":1,"retryReasons":[],"status":"passed","title":"missing client_name → 400"},{"ancestorTitles":["Client Registration"],"duration":8,"failureDetails":[],"failureMessages":[],"fullName":"Client Registration missing redirect_uris → 400","invocations":1,"location":null,"numPassingAsserts":1,"retryReasons":[],"status":"passed","title":"missing redirect_uris → 400"},{"ancestorTitles":["Client Registration"],"duration":3,"failureDetails":[],"failureMessages":[],"fullName":"Client Registration without auth → 401","invocations":1,"location":null,"numPassingAsserts":1,"retryReasons":[],"status":"passed","title":"without auth → 401"},{"ancestorTitles":["Client CRUD"],"duration":10,"failureDetails":[],"failureMessages":[],"fullName":"Client CRUD GET /api/oauth/clients → 200, array includes our client","invocations":1,"location":null,"numPassingAsserts":3,"retryReasons":[],"status":"passed","title":"GET /api/oauth/clients → 200, array includes our client"},{"ancestorTitles":["Client CRUD"],"duration":7,"failureDetails":[],"failureMessages":[],"fullName":"Client CRUD GET /api/oauth/clients/:id → 200","invocations":1,"location":null,"numPassingAsserts":2,"retryReasons":[],"status":"passed","title":"GET /api/oauth/clients/:id → 200"},{"ancestorTitles":["Client CRUD"],"duration":10,"failureDetails":[],"failureMessages":[],"fullName":"Client CRUD GET non-existent client → 404/500","invocations":1,"location":null,"numPassingAsserts":1,"retryReasons":[],"status":"passed","title":"GET non-existent client → 404/500"},{"ancestorTitles":["Client CRUD"],"duration":10,"failureDetails":[],"failureMessages":[],"fullName":"Client CRUD PUT /api/oauth/clients/:id → 200, description updated","invocations":1,"location":null,"numPassingAsserts":1,"retryReasons":[],"status":"passed","title":"PUT /api/oauth/clients/:id → 200, description updated"},{"ancestorTitles":["Client CRUD"],"duration":77,"failureDetails":[],"failureMessages":[],"fullName":"Client CRUD DELETE /api/oauth/clients/:id → 200 (soft delete)","invocations":1,"location":null,"numPassingAsserts":1,"retryReasons":[],"status":"passed","title":"DELETE /api/oauth/clients/:id → 200 (soft delete)"},{"ancestorTitles":["OAuth PKCE Authorization + Token Exchange"],"duration":76,"failureDetails":[],"failureMessages":[],"fullName":"OAuth PKCE Authorization + Token Exchange POST /api/oauth/authorize (with credentials) → 200, redirect_url with code","invocations":1,"location":null,"numPassingAsserts":5,"retryReasons":[],"status":"passed","title":"POST /api/oauth/authorize (with credentials) → 200, redirect_url with code"},{"ancestorTitles":["OAuth PKCE Authorization + Token Exchange"],"duration":74,"failureDetails":[],"failureMessages":[],"fullName":"OAuth PKCE Authorization + Token Exchange POST /api/oauth/token (code exchange with PKCE) → 200, tokens","invocations":1,"location":null,"numPassingAsserts":5,"retryReasons":[],"status":"passed","title":"POST /api/oauth/token (code exchange with PKCE) → 200, tokens"},{"ancestorTitles":["OAuth PKCE Authorization + Token Exchange"],"duration":5,"failureDetails":[],"failureMessages":[],"fullName":"OAuth PKCE Authorization + Token Exchange replay same code → 400 invalid_grant","invocations":1,"location":null,"numPassingAsserts":2,"retryReasons":[],"status":"passed","title":"replay same code → 400 invalid_grant"},{"ancestorTitles":["OAuth PKCE Authorization + Token Exchange"],"duration":81,"failureDetails":[],"failureMessages":[],"fullName":"OAuth PKCE Authorization + Token Exchange wrong code_verifier → 400","invocations":1,"location":null,"numPassingAsserts":1,"retryReasons":[],"status":"passed","title":"wrong code_verifier → 400"},{"ancestorTitles":["OAuth PKCE Authorization + Token Exchange"],"duration":9,"failureDetails":[],"failureMessages":[],"fullName":"OAuth PKCE Authorization + Token Exchange OAuth refresh_token grant → 200, new access_token","invocations":1,"location":null,"numPassingAsserts":2,"retryReasons":[],"status":"passed","title":"OAuth refresh_token grant → 200, new access_token"},{"ancestorTitles":["Userinfo"],"duration":9,"failureDetails":[],"failureMessages":[],"fullName":"Userinfo GET /api/oauth/userinfo with valid OAuth token → 200, sub/email/username","invocations":1,"location":null,"numPassingAsserts":3,"retryReasons":[],"status":"passed","title":"GET /api/oauth/userinfo with valid OAuth token → 200, sub/email/username"},{"ancestorTitles":["Userinfo"],"duration":3,"failureDetails":[],"failureMessages":[],"fullName":"Userinfo without token → 401","invocations":1,"location":null,"numPassingAsserts":1,"retryReasons":[],"status":"passed","title":"without token → 401"},{"ancestorTitles":["Userinfo"],"duration":3,"failureDetails":[],"failureMessages":[],"fullName":"Userinfo invalid token → 401","invocations":1,"location":null,"numPassingAsserts":1,"retryReasons":[],"status":"passed","title":"invalid token → 401"},{"ancestorTitles":["Introspect"],"duration":69,"failureDetails":[],"failureMessages":[],"fullName":"Introspect active OAuth token → 200 { active: true }","invocations":1,"location":null,"numPassingAsserts":3,"retryReasons":[],"status":"passed","title":"active OAuth token → 200 { active: true }"},{"ancestorTitles":["Introspect"],"duration":64,"failureDetails":[],"failureMessages":[],"fullName":"Introspect garbage token → 200 { active: false }","invocations":1,"location":null,"numPassingAsserts":2,"retryReasons":[],"status":"passed","title":"garbage token → 200 { active: false }"},{"ancestorTitles":["Introspect"],"duration":61,"failureDetails":[],"failureMessages":[],"fullName":"Introspect wrong client_secret → 401","invocations":1,"location":null,"numPassingAsserts":1,"retryReasons":[],"status":"passed","title":"wrong client_secret → 401"},{"ancestorTitles":["Revoke Token"],"duration":9,"failureDetails":[],"failureMessages":[],"fullName":"Revoke Token POST /api/oauth/revoke → 200","invocations":1,"location":null,"numPassingAsserts":1,"retryReasons":[],"status":"passed","title":"POST /api/oauth/revoke → 200"},{"ancestorTitles":["Revoke Token"],"duration":66,"failureDetails":[],"failureMessages":[],"fullName":"Revoke Token revoked token → introspect returns { active: false }","invocations":1,"location":null,"numPassingAsserts":2,"retryReasons":[],"status":"passed","title":"revoked token → introspect returns { active: false }"},{"ancestorTitles":["Scope Enforcement"],"duration":70,"failureDetails":[],"failureMessages":[],"fullName":"Scope Enforcement scope not in client.scope → 400 invalid_scope","invocations":1,"location":null,"numPassingAsserts":1,"retryReasons":[],"status":"passed","title":"scope not in client.scope → 400 invalid_scope"},{"ancestorTitles":["Scope Enforcement"],"duration":66,"failureDetails":[],"failureMessages":[],"fullName":"Scope Enforcement only OIDC base scopes (openid profile email) → always allowed","invocations":1,"location":null,"numPassingAsserts":2,"retryReasons":[],"status":"passed","title":"only OIDC base scopes (openid profile email) → always allowed"}],"endTime":1778096885233,"message":"","name":"C:\\Users\\ASUS\\Documents\\TEST\\TESTMONO\\Final-Final\\tests\\jest\\5-oauth.test.js","startTime":1778096884080,"status":"passed","summary":""},{"assertionResults":[{"ancestorTitles":["Register"],"duration":71,"failureDetails":[],"failureMessages":[],"fullName":"Register creates account with valid data → 201 + token","invocations":1,"location":null,"numPassingAsserts":3,"retryReasons":[],"status":"passed","title":"creates account with valid data → 201 + token"},{"ancestorTitles":["Register"],"duration":68,"failureDetails":[],"failureMessages":[],"fullName":"Register login with new account to get token for cleanup","invocations":1,"location":null,"numPassingAsserts":2,"retryReasons":[],"status":"passed","title":"login with new account to get token for cleanup"},{"ancestorTitles":["Register"],"duration":6,"failureDetails":[],"failureMessages":[],"fullName":"Register duplicate email → 400/409","invocations":1,"location":null,"numPassingAsserts":1,"retryReasons":[],"status":"passed","title":"duplicate email → 400/409"},{"ancestorTitles":["Register"],"duration":2,"failureDetails":[],"failureMessages":[],"fullName":"Register missing email → 400","invocations":1,"location":null,"numPassingAsserts":1,"retryReasons":[],"status":"passed","title":"missing email → 400"},{"ancestorTitles":["Register"],"duration":2,"failureDetails":[],"failureMessages":[],"fullName":"Register missing password → 400","invocations":1,"location":null,"numPassingAsserts":1,"retryReasons":[],"status":"passed","title":"missing password → 400"},{"ancestorTitles":["Register"],"duration":1,"failureDetails":[],"failureMessages":[],"fullName":"Register password < 8 chars → 400","invocations":1,"location":null,"numPassingAsserts":1,"retryReasons":[],"status":"passed","title":"password < 8 chars → 400"},{"ancestorTitles":["Register"],"duration":2,"failureDetails":[],"failureMessages":[],"fullName":"Register password with no number → 400","invocations":1,"location":null,"numPassingAsserts":1,"retryReasons":[],"status":"passed","title":"password with no number → 400"},{"ancestorTitles":["Register"],"duration":2,"failureDetails":[],"failureMessages":[],"fullName":"Register username < 3 chars → 400","invocations":1,"location":null,"numPassingAsserts":1,"retryReasons":[],"status":"passed","title":"username < 3 chars → 400"},{"ancestorTitles":["Login"],"duration":68,"failureDetails":[],"failureMessages":[],"fullName":"Login valid credentials → 200 + token + refreshToken + sessionId","invocations":1,"location":null,"numPassingAsserts":4,"retryReasons":[],"status":"passed","title":"valid credentials → 200 + token + refreshToken + sessionId"},{"ancestorTitles":["Login"],"duration":65,"failureDetails":[],"failureMessages":[],"fullName":"Login wrong password → 401","invocations":1,"location":null,"numPassingAsserts":1,"retryReasons":[],"status":"passed","title":"wrong password → 401"},{"ancestorTitles":["Login"],"duration":237,"failureDetails":[],"failureMessages":[],"fullName":"Login non-existent email → 401 (same response, no enumeration)","invocations":1,"location":null,"numPassingAsserts":1,"retryReasons":[],"status":"passed","title":"non-existent email → 401 (same response, no enumeration)"},{"ancestorTitles":["Login"],"duration":3,"failureDetails":[],"failureMessages":[],"fullName":"Login missing password → 400","invocations":1,"location":null,"numPassingAsserts":1,"retryReasons":[],"status":"passed","title":"missing password → 400"},{"ancestorTitles":["Login"],"duration":3,"failureDetails":[],"failureMessages":[],"fullName":"Login missing email → 400","invocations":1,"location":null,"numPassingAsserts":1,"retryReasons":[],"status":"passed","title":"missing email → 400"},{"ancestorTitles":["Logout"],"duration":13,"failureDetails":[],"failureMessages":[],"fullName":"Logout logout with valid token → 200","invocations":1,"location":null,"numPassingAsserts":1,"retryReasons":[],"status":"passed","title":"logout with valid token → 200"},{"ancestorTitles":["Logout"],"duration":3,"failureDetails":[],"failureMessages":[],"fullName":"Logout use same token after logout → 401 (blacklisted)","invocations":1,"location":null,"numPassingAsserts":1,"retryReasons":[],"status":"passed","title":"use same token after logout → 401 (blacklisted)"},{"ancestorTitles":["Logout"],"duration":2,"failureDetails":[],"failureMessages":[],"fullName":"Logout logout without token → 401","invocations":1,"location":null,"numPassingAsserts":1,"retryReasons":[],"status":"passed","title":"logout without token → 401"},{"ancestorTitles":["Token Operations"],"duration":4,"failureDetails":[],"failureMessages":[],"fullName":"Token Operations validate-token with valid token → 200 { valid: true }","invocations":1,"location":null,"numPassingAsserts":2,"retryReasons":[],"status":"passed","title":"validate-token with valid token → 200 { valid: true }"},{"ancestorTitles":["Token Operations"],"duration":3,"failureDetails":[],"failureMessages":[],"fullName":"Token Operations validate-token with tampered token → 200 { valid: false }","invocations":1,"location":null,"numPassingAsserts":2,"retryReasons":[],"status":"passed","title":"validate-token with tampered token → 200 { valid: false }"},{"ancestorTitles":["Token Operations"],"duration":2,"failureDetails":[],"failureMessages":[],"fullName":"Token Operations validate-token with garbage string → 200 { valid: false }","invocations":1,"location":null,"numPassingAsserts":2,"retryReasons":[],"status":"passed","title":"validate-token with garbage string → 200 { valid: false }"},{"ancestorTitles":["Token Operations"],"duration":15,"failureDetails":[],"failureMessages":[],"fullName":"Token Operations refresh-token with valid refreshToken → 200, new token + new refreshToken","invocations":1,"location":null,"numPassingAsserts":3,"retryReasons":[],"status":"passed","title":"refresh-token with valid refreshToken → 200, new token + new refreshToken"},{"ancestorTitles":["Token Operations"],"duration":3,"failureDetails":[],"failureMessages":[],"fullName":"Token Operations refresh-token with invalid refreshToken → 401","invocations":1,"location":null,"numPassingAsserts":1,"retryReasons":[],"status":"passed","title":"refresh-token with invalid refreshToken → 401"},{"ancestorTitles":["Token Operations"],"duration":13,"failureDetails":[],"failureMessages":[],"fullName":"Token Operations refresh-token with already-used refreshToken (old one) → 401","invocations":1,"location":null,"numPassingAsserts":1,"retryReasons":[],"status":"passed","title":"refresh-token with already-used refreshToken (old one) → 401"}],"endTime":1778096886655,"message":"","name":"C:\\Users\\ASUS\\Documents\\TEST\\TESTMONO\\Final-Final\\tests\\jest\\1-auth-core.test.js","startTime":1778096885236,"status":"passed","summary":""},{"assertionResults":[{"ancestorTitles":["Account Lockout"],"duration":341,"failureDetails":[],"failureMessages":[],"fullName":"Account Lockout 5 consecutive wrong passwords trigger lockout (6th attempt → 423)","invocations":1,"location":null,"numPassingAsserts":1,"retryReasons":[],"status":"passed","title":"5 consecutive wrong passwords trigger lockout (6th attempt → 423)"},{"ancestorTitles":["Account Lockout"],"duration":6,"failureDetails":[],"failureMessages":[],"fullName":"Account Lockout correct password while locked → 423","invocations":1,"location":null,"numPassingAsserts":1,"retryReasons":[],"status":"passed","title":"correct password while locked → 423"},{"ancestorTitles":["Token Blacklisting"],"duration":0,"failureDetails":[],"failureMessages":[],"fullName":"Token Blacklisting saves access token before logout","invocations":1,"location":null,"numPassingAsserts":1,"retryReasons":[],"status":"passed","title":"saves access token before logout"},{"ancestorTitles":["Token Blacklisting"],"duration":14,"failureDetails":[],"failureMessages":[],"fullName":"Token Blacklisting logout succeeds","invocations":1,"location":null,"numPassingAsserts":1,"retryReasons":[],"status":"passed","title":"logout succeeds"},{"ancestorTitles":["Token Blacklisting"],"duration":3,"failureDetails":[],"failureMessages":[],"fullName":"Token Blacklisting saved token rejected after logout → 401 (blacklisted)","invocations":1,"location":null,"numPassingAsserts":1,"retryReasons":[],"status":"passed","title":"saved token rejected after logout → 401 (blacklisted)"},{"ancestorTitles":["Token Blacklisting"],"duration":4,"failureDetails":[],"failureMessages":[],"fullName":"Token Blacklisting blacklisted refresh token → 401","invocations":1,"location":null,"numPassingAsserts":1,"retryReasons":[],"status":"passed","title":"blacklisted refresh token → 401"},{"ancestorTitles":["Session Theft Detection (Refresh Token Reuse)"],"duration":15,"failureDetails":[],"failureMessages":[],"fullName":"Session Theft Detection (Refresh Token Reuse) first use of refreshToken → success, rotates to new tokens","invocations":1,"location":null,"numPassingAsserts":1,"retryReasons":[],"status":"passed","title":"first use of refreshToken → success, rotates to new tokens"},{"ancestorTitles":["Session Theft Detection (Refresh Token Reuse)"],"duration":6,"failureDetails":[],"failureMessages":[],"fullName":"Session Theft Detection (Refresh Token Reuse) reuse of OLD refreshToken → 401 (theft detected, all sessions revoked)","invocations":1,"location":null,"numPassingAsserts":1,"retryReasons":[],"status":"passed","title":"reuse of OLD refreshToken → 401 (theft detected, all sessions revoked)"},{"ancestorTitles":["Session Theft Detection (Refresh Token Reuse)"],"duration":8,"failureDetails":[],"failureMessages":[],"fullName":"Session Theft Detection (Refresh Token Reuse) even new token is revoked after theft detection","invocations":1,"location":null,"numPassingAsserts":1,"retryReasons":[],"status":"passed","title":"even new token is revoked after theft detection"},{"ancestorTitles":["Input Validation / Injection"],"duration":2,"failureDetails":[],"failureMessages":[],"fullName":"Input Validation / Injection NoSQL injection in login email → 400 or 401, not 200","invocations":1,"location":null,"numPassingAsserts":1,"retryReasons":[],"status":"passed","title":"NoSQL injection in login email → 400 or 401, not 200"},{"ancestorTitles":["Input Validation / Injection"],"duration":2,"failureDetails":[],"failureMessages":[],"fullName":"Input Validation / Injection NoSQL $where in login → 400 or 401","invocations":1,"location":null,"numPassingAsserts":1,"retryReasons":[],"status":"passed","title":"NoSQL $where in login → 400 or 401"},{"ancestorTitles":["Input Validation / Injection"],"duration":2,"failureDetails":[],"failureMessages":[],"fullName":"Input Validation / Injection SQL injection string in email → 401, not 200","invocations":1,"location":null,"numPassingAsserts":1,"retryReasons":[],"status":"passed","title":"SQL injection string in email → 401, not 200"},{"ancestorTitles":["Input Validation / Injection"],"duration":81,"failureDetails":[],"failureMessages":[],"fullName":"Input Validation / Injection prototype pollution body → stripped, Object.prototype unaffected","invocations":1,"location":null,"numPassingAsserts":2,"retryReasons":[],"status":"passed","title":"prototype pollution body → stripped, Object.prototype unaffected"},{"ancestorTitles":["Input Validation / Injection"],"duration":4,"failureDetails":[],"failureMessages":[],"fullName":"Input Validation / Injection XSS in username field during registration → 400 or stored safely","invocations":1,"location":null,"numPassingAsserts":1,"retryReasons":[],"status":"passed","title":"XSS in username field during registration → 400 or stored safely"},{"ancestorTitles":["Authorization Enforcement — Protected Endpoints Without Token"],"duration":3,"failureDetails":[],"failureMessages":[],"fullName":"Authorization Enforcement — Protected Endpoints Without Token GET /api/auth/profile without token → 401","invocations":1,"location":null,"numPassingAsserts":1,"retryReasons":[],"status":"passed","title":"GET /api/auth/profile without token → 401"},{"ancestorTitles":["Authorization Enforcement — Protected Endpoints Without Token"],"duration":2,"failureDetails":[],"failureMessages":[],"fullName":"Authorization Enforcement — Protected Endpoints Without Token GET /api/auth/sessions without token → 401","invocations":1,"location":null,"numPassingAsserts":1,"retryReasons":[],"status":"passed","title":"GET /api/auth/sessions without token → 401"},{"ancestorTitles":["Authorization Enforcement — Protected Endpoints Without Token"],"duration":2,"failureDetails":[],"failureMessages":[],"fullName":"Authorization Enforcement — Protected Endpoints Without Token POST /api/auth/sessions/revoke without token → 401","invocations":1,"location":null,"numPassingAsserts":1,"retryReasons":[],"status":"passed","title":"POST /api/auth/sessions/revoke without token → 401"},{"ancestorTitles":["Authorization Enforcement — Protected Endpoints Without Token"],"duration":2,"failureDetails":[],"failureMessages":[],"fullName":"Authorization Enforcement — Protected Endpoints Without Token POST /api/auth/sessions/revoke-all-others without token → 401","invocations":1,"location":null,"numPassingAsserts":1,"retryReasons":[],"status":"passed","title":"POST /api/auth/sessions/revoke-all-others without token → 401"},{"ancestorTitles":["Authorization Enforcement — Protected Endpoints Without Token"],"duration":1,"failureDetails":[],"failureMessages":[],"fullName":"Authorization Enforcement — Protected Endpoints Without Token DELETE /api/auth/delete-account without token → 401","invocations":1,"location":null,"numPassingAsserts":1,"retryReasons":[],"status":"passed","title":"DELETE /api/auth/delete-account without token → 401"},{"ancestorTitles":["Authorization Enforcement — Protected Endpoints Without Token"],"duration":2,"failureDetails":[],"failureMessages":[],"fullName":"Authorization Enforcement — Protected Endpoints Without Token GET /api/oauth/clients without token → 401","invocations":1,"location":null,"numPassingAsserts":1,"retryReasons":[],"status":"passed","title":"GET /api/oauth/clients without token → 401"},{"ancestorTitles":["Authorization Enforcement — Protected Endpoints Without Token"],"duration":2,"failureDetails":[],"failureMessages":[],"fullName":"Authorization Enforcement — Protected Endpoints Without Token GET /api/auth/preferences without token → 401","invocations":1,"location":null,"numPassingAsserts":1,"retryReasons":[],"status":"passed","title":"GET /api/auth/preferences without token → 401"},{"ancestorTitles":["Authorization Enforcement — Protected Endpoints Without Token"],"duration":2,"failureDetails":[],"failureMessages":[],"fullName":"Authorization Enforcement — Protected Endpoints Without Token GET /api/auth/audit-logs without token → 401","invocations":1,"location":null,"numPassingAsserts":1,"retryReasons":[],"status":"passed","title":"GET /api/auth/audit-logs without token → 401"},{"ancestorTitles":["OIDC Well-Known Endpoints"],"duration":2,"failureDetails":[],"failureMessages":[],"fullName":"OIDC Well-Known Endpoints GET /.well-known/openid-configuration → 200, OIDC discovery doc","invocations":1,"location":null,"numPassingAsserts":5,"retryReasons":[],"status":"passed","title":"GET /.well-known/openid-configuration → 200, OIDC discovery doc"},{"ancestorTitles":["OIDC Well-Known Endpoints"],"duration":2,"failureDetails":[],"failureMessages":[],"fullName":"OIDC Well-Known Endpoints GET /.well-known/jwks.json → 200, has keys array","invocations":1,"location":null,"numPassingAsserts":2,"retryReasons":[],"status":"passed","title":"GET /.well-known/jwks.json → 200, has keys array"},{"ancestorTitles":["OIDC Well-Known Endpoints"],"duration":2,"failureDetails":[],"failureMessages":[],"fullName":"OIDC Well-Known Endpoints GET /health → 200","invocations":1,"location":null,"numPassingAsserts":1,"retryReasons":[],"status":"passed","title":"GET /health → 200"}],"endTime":1778096888165,"message":"","name":"C:\\Users\\ASUS\\Documents\\TEST\\TESTMONO\\Final-Final\\tests\\jest\\6-security.test.js","startTime":1778096886658,"status":"passed","summary":""},{"assertionResults":[{"ancestorTitles":["Get Sessions"],"duration":10,"failureDetails":[],"failureMessages":[],"fullName":"Get Sessions GET /api/auth/sessions → 200, array with at least 1 session","invocations":1,"location":null,"numPassingAsserts":3,"retryReasons":[],"status":"passed","title":"GET /api/auth/sessions → 200, array with at least 1 session"},{"ancestorTitles":["Get Sessions"],"duration":7,"failureDetails":[],"failureMessages":[],"fullName":"Get Sessions GET /api/sessions → 200","invocations":1,"location":null,"numPassingAsserts":2,"retryReasons":[],"status":"passed","title":"GET /api/sessions → 200"},{"ancestorTitles":["Get Sessions"],"duration":9,"failureDetails":[],"failureMessages":[],"fullName":"Get Sessions GET /api/sessions/count → 200, count ≥ 1","invocations":1,"location":null,"numPassingAsserts":1,"retryReasons":[],"status":"passed","title":"GET /api/sessions/count → 200, count ≥ 1"},{"ancestorTitles":["Get Sessions"],"duration":2,"failureDetails":[],"failureMessages":[],"fullName":"Get Sessions GET /api/auth/sessions without auth → 401","invocations":1,"location":null,"numPassingAsserts":1,"retryReasons":[],"status":"passed","title":"GET /api/auth/sessions without auth → 401"},{"ancestorTitles":["Revoke Single Session"],"duration":12,"failureDetails":[],"failureMessages":[],"fullName":"Revoke Single Session POST /api/auth/sessions/revoke with valid sessionId → 200","invocations":1,"location":null,"numPassingAsserts":2,"retryReasons":[],"status":"passed","title":"POST /api/auth/sessions/revoke with valid sessionId → 200"},{"ancestorTitles":["Revoke Single Session"],"duration":8,"failureDetails":[],"failureMessages":[],"fullName":"Revoke Single Session revoke same sessionId again → 400/404","invocations":1,"location":null,"numPassingAsserts":1,"retryReasons":[],"status":"passed","title":"revoke same sessionId again → 400/404"},{"ancestorTitles":["Revoke Single Session"],"duration":9,"failureDetails":[],"failureMessages":[],"fullName":"Revoke Single Session revoke with non-existent sessionId → 400/404","invocations":1,"location":null,"numPassingAsserts":1,"retryReasons":[],"status":"passed","title":"revoke with non-existent sessionId → 400/404"},{"ancestorTitles":["Revoke Single Session"],"duration":7,"failureDetails":[],"failureMessages":[],"fullName":"Revoke Single Session missing sessionId → 400","invocations":1,"location":null,"numPassingAsserts":1,"retryReasons":[],"status":"passed","title":"missing sessionId → 400"},{"ancestorTitles":["Revoke All Others"],"duration":19,"failureDetails":[],"failureMessages":[],"fullName":"Revoke All Others POST /api/auth/sessions/revoke-all-others → 200, count ≥ 1","invocations":1,"location":null,"numPassingAsserts":3,"retryReasons":[],"status":"passed","title":"POST /api/auth/sessions/revoke-all-others → 200, count ≥ 1"},{"ancestorTitles":["Revoke All Others"],"duration":3,"failureDetails":[],"failureMessages":[],"fullName":"Revoke All Others revoked session token → 401 on subsequent call","invocations":1,"location":null,"numPassingAsserts":1,"retryReasons":[],"status":"passed","title":"revoked session token → 401 on subsequent call"},{"ancestorTitles":["Revoke All Others"],"duration":7,"failureDetails":[],"failureMessages":[],"fullName":"Revoke All Others current session still works after revoke-all-others","invocations":1,"location":null,"numPassingAsserts":1,"retryReasons":[],"status":"passed","title":"current session still works after revoke-all-others"},{"ancestorTitles":["Emergency Lockdown"],"duration":19,"failureDetails":[],"failureMessages":[],"fullName":"Emergency Lockdown POST /api/auth/emergency-lockdown → 200","invocations":1,"location":null,"numPassingAsserts":2,"retryReasons":[],"status":"passed","title":"POST /api/auth/emergency-lockdown → 200"},{"ancestorTitles":["Emergency Lockdown"],"duration":4,"failureDetails":[],"failureMessages":[],"fullName":"Emergency Lockdown old token rejected after lockdown → 401","invocations":1,"location":null,"numPassingAsserts":1,"retryReasons":[],"status":"passed","title":"old token rejected after lockdown → 401"},{"ancestorTitles":["Emergency Lockdown"],"duration":2,"failureDetails":[],"failureMessages":[],"fullName":"Emergency Lockdown lockdown without auth → 401","invocations":1,"location":null,"numPassingAsserts":1,"retryReasons":[],"status":"passed","title":"lockdown without auth → 401"}],"endTime":1778096889422,"message":"","name":"C:\\Users\\ASUS\\Documents\\TEST\\TESTMONO\\Final-Final\\tests\\jest\\3-auth-sessions.test.js","startTime":1778096888168,"status":"passed","summary":""}],"wasInterrupted":false}
